#
# A fatal error has been detected by the Java Runtime Environment:
#
#  EXCEPTION_ACCESS_VIOLATION (0xc0000005) at pc=0x00007ffa714eea49, pid=11664, tid=0x0000000000002e34
#
# JRE version: Java(TM) SE Runtime Environment (8.0_144-b01) (build 1.8.0_144-b01)
# Java VM: Java HotSpot(TM) 64-Bit Server VM (25.144-b01 mixed mode windows-amd64 compressed oops)
# Problematic frame:
# C  [lwjgl_opengl.dll+0xea49]
#
# Failed to write core dump. Minidumps are not enabled by default on client versions of Windows
#
# If you would like to submit a bug report, please visit:
#   http://bugreport.java.com/bugreport/crash.jsp
# The crash happened outside the Java Virtual Machine in native code.
# See problematic frame for where to report the bug.
#

---------------  T H R E A D  ---------------

Current thread (0x000000001ecc1800):  JavaThread "Game Thread" [_thread_in_native, id=11828, stack(0x000000001f880000,0x000000001f980000)]

siginfo: ExceptionCode=0xc0000005, reading address 0x00000000000003b0

Registers:
RAX=0x0000000073a51d50, RBX=0x000000001c68eff8, RCX=0x0000000000000000, RDX=0x000000001f97f0d8
RSP=0x000000001f97f038, RBP=0x000000001f97f0c8, RSI=0x0000000000000009, RDI=0x000000000319835d
R8 =0x0000000000000006, R9 =0x000000001ecc0bb0, R10=0x00000000031a7f48, R11=0x00000000734dbc50
R12=0x0000000000000000, R13=0x000000001c68eff0, R14=0x000000001f97f100, R15=0x000000001ecc1800
RIP=0x00007ffa714eea49, EFLAGS=0x0000000000010202

Top of Stack: (sp=0x000000001f97f038)
0x000000001f97f038:   00000000031a7f74 0000000000000009
0x000000001f97f048:   000000000319835d 000000000319835d
0x000000001f97f058:   00000000031a7ceb 000000003f800000
0x000000001f97f068:   000000003f800000 0000000000000009
0x000000001f97f078:   000000001ecc1800 00000000031a7ca2
0x000000001f97f088:   000000001f97f088 000000001c68eff0
0x000000001f97f098:   000000001f97f100 000000001c6b8da0
0x000000001f97f0a8:   0000000000000000 000000001c68eff8
0x000000001f97f0b8:   0000000000000000 000000001f97f0e8
0x000000001f97f0c8:   000000001f97f148 000000000319835d
0x000000001f97f0d8:   000000076bca8bc0 00000000031a19d8
0x000000001f97f0e8:   00007ffa3f800000 000000003f800000
0x000000001f97f0f8:   000000003f800000 000000073f800000
0x000000001f97f108:   000000001f97f108 000000001c5b1bc0
0x000000001f97f118:   000000001f97f160 000000001c5b3308
0x000000001f97f128:   0000000000000000 000000001c5b1c20 

Instructions: (pc=0x00007ffa714eea49)
0x00007ffa714eea29:   48 ff a1 78 03 00 00 48 8b 01 0f 28 cb f3 0f 10
0x00007ffa714eea39:   5c 24 30 0f 28 c2 f3 0f 10 54 24 28 48 8b 48 18
0x00007ffa714eea49:   48 ff a1 b0 03 00 00 48 8b 01 0f 28 c2 48 8b 48
0x00007ffa714eea59:   18 48 ff a1 c8 03 00 00 cc cc cc cc cc cc cc cc 


Register to memory mapping:

RAX=0x0000000073a51d50 is an unknown value
RBX={method} {0x000000001c68f000} 'glClearColor' '(FFFF)V' in 'org/lwjgl/opengl/GL11'
RCX=0x0000000000000000 is an unknown value
RDX=0x000000001f97f0d8 is pointing into the stack for thread: 0x000000001ecc1800
RSP=0x000000001f97f038 is pointing into the stack for thread: 0x000000001ecc1800
RBP=0x000000001f97f0c8 is pointing into the stack for thread: 0x000000001ecc1800
RSI=0x0000000000000009 is an unknown value
RDI=0x000000000319835d is at code_begin+2301 in an Interpreter codelet
invoke return entry points  [0x0000000003197a60, 0x0000000003198440]  2528 bytes
R8 =0x0000000000000006 is an unknown value
R9 =0x000000001ecc0bb0 is an unknown value
R10=0x00000000031a7f48 is at code_begin+840 in an Interpreter codelet
method entry point (kind = native)  [0x00000000031a7c00, 0x00000000031a8560]  2400 bytes
R11=0x00000000734dbc50 is an unknown value
R12=0x0000000000000000 is an unknown value
R13=0x000000001c68eff0 is pointing into metadata
R14=0x000000001f97f100 is pointing into the stack for thread: 0x000000001ecc1800
R15=0x000000001ecc1800 is a thread


Stack: [0x000000001f880000,0x000000001f980000],  sp=0x000000001f97f038,  free space=1020k
Native frames: (J=compiled Java code, j=interpreted, Vv=VM code, C=native code)
C  [lwjgl_opengl.dll+0xea49]

Java frames: (J=compiled Java code, j=interpreted, Vv=VM code)
j  org.lwjgl.opengl.GL11.glClearColor(FFFF)V+0
j  Game.configureOpenGL()V+176
j  Game.run()V+1
j  java.lang.Thread.run()V+11
v  ~StubRoutines::call_stub

---------------  P R O C E S S  ---------------

Java Threads: ( => current thread )
  0x000000000318e000 JavaThread "DestroyJavaVM" [_thread_blocked, id=11064, stack(0x0000000002f00000,0x0000000003000000)]
=>0x000000001ecc1800 JavaThread "Game Thread" [_thread_in_native, id=11828, stack(0x000000001f880000,0x000000001f980000)]
  0x000000001eb5b800 JavaThread "Service Thread" daemon [_thread_blocked, id=21208, stack(0x000000001f680000,0x000000001f780000)]
  0x000000001eacf800 JavaThread "C1 CompilerThread3" daemon [_thread_blocked, id=16928, stack(0x000000001f580000,0x000000001f680000)]
  0x000000001eac9800 JavaThread "C2 CompilerThread2" daemon [_thread_blocked, id=2140, stack(0x000000001f480000,0x000000001f580000)]
  0x000000001eabc000 JavaThread "C2 CompilerThread1" daemon [_thread_blocked, id=21480, stack(0x000000001f380000,0x000000001f480000)]
  0x000000001eab9800 JavaThread "C2 CompilerThread0" daemon [_thread_blocked, id=5588, stack(0x000000001f280000,0x000000001f380000)]
  0x000000001eab8000 JavaThread "Attach Listener" daemon [_thread_blocked, id=21364, stack(0x000000001f180000,0x000000001f280000)]
  0x000000001eab7000 JavaThread "Signal Dispatcher" daemon [_thread_blocked, id=12824, stack(0x000000001f080000,0x000000001f180000)]
  0x000000001eab0800 JavaThread "Finalizer" daemon [_thread_blocked, id=23500, stack(0x000000001ee90000,0x000000001ef90000)]
  0x0000000003119000 JavaThread "Reference Handler" daemon [_thread_blocked, id=22692, stack(0x000000001e990000,0x000000001ea90000)]

Other Threads:
  0x000000001cb99800 VMThread [stack: 0x000000001e890000,0x000000001e990000] [id=22236]
  0x000000001eb77800 WatcherThread [stack: 0x000000001f780000,0x000000001f880000] [id=22000]

VM state:not at safepoint (normal execution)

VM Mutex/Monitor currently owned by a thread: None

Heap:
 PSYoungGen      total 76288K, used 9372K [0x000000076b500000, 0x0000000770a00000, 0x00000007c0000000)
  eden space 65536K, 14% used [0x000000076b500000,0x000000076be27180,0x000000076f500000)
  from space 10752K, 0% used [0x000000076ff80000,0x000000076ff80000,0x0000000770a00000)
  to   space 10752K, 0% used [0x000000076f500000,0x000000076f500000,0x000000076ff80000)
 ParOldGen       total 175104K, used 0K [0x00000006c1e00000, 0x00000006cc900000, 0x000000076b500000)
  object space 175104K, 0% used [0x00000006c1e00000,0x00000006c1e00000,0x00000006cc900000)
 Metaspace       used 5754K, capacity 5970K, committed 6144K, reserved 1056768K
  class space    used 617K, capacity 703K, committed 768K, reserved 1048576K

Card table byte_map: [0x0000000012550000,0x0000000012d50000] byte_map_base: 0x000000000ef41000

Marking Bits: (ParMarkBitMap*) 0x0000000073acd850
 Begin Bits: [0x0000000013aa0000, 0x0000000017a28000)
 End Bits:   [0x0000000017a28000, 0x000000001b9b0000)

Polling page: 0x00000000015e0000

CodeCache: size=245760Kb used=2165Kb max_used=2176Kb free=243595Kb
 bounds [0x0000000003190000, 0x0000000003400000, 0x0000000012190000]
 total_blobs=1144 nmethods=418 adapters=639
 compilation: enabled

Compilation events (10 events):
Event: 2.416 Thread 0x000000001eacf800  409       3       java.nio.channels.spi.AbstractInterruptibleChannel::blockedOn (13 bytes)
Event: 2.416 Thread 0x000000001eacf800 nmethod 409 0x00000000033a4f90 code [0x00000000033a5120, 0x00000000033a5630]
Event: 2.496 Thread 0x000000001eacf800  410       1       java.util.Formatter$Flags::valueOf (5 bytes)
Event: 2.496 Thread 0x000000001eacf800 nmethod 410 0x00000000033a5850 code [0x00000000033a59a0, 0x00000000033a5ab0]
Event: 2.496 Thread 0x000000001eacf800  411       3       sun.misc.URLClassPath$JarLoader::findResource (18 bytes)
Event: 2.496 Thread 0x000000001eacf800 nmethod 411 0x00000000033a5b10 code [0x00000000033a5c80, 0x00000000033a5f18]
Event: 2.496 Thread 0x000000001eacf800  412       3       java.util.regex.Pattern$Ctype::isSatisfiedBy (24 bytes)
Event: 2.496 Thread 0x000000001eacf800 nmethod 412 0x00000000033a6010 code [0x00000000033a6180, 0x00000000033a6510]
Event: 2.496 Thread 0x000000001eacf800  414   !   3       sun.net.www.ParseUtil::decode (316 bytes)
Event: 2.498 Thread 0x000000001eabc000  418       4       sun.nio.cs.UTF_8$Encoder::encode (359 bytes)

GC Heap History (0 events):
No events

Deoptimization events (0 events):
No events

Internal exceptions (10 events):
Event: 0.175 Thread 0x000000001ecc1800 Exception <a 'java/security/PrivilegedActionException'> (0x000000076bb434a0) thrown at [C:\re\workspace\8-2-build-windows-amd64-cygwin\jdk8u144\9417\hotspot\src\share\vm\prims\jvm.cpp, line 1390]
Event: 0.175 Thread 0x000000001ecc1800 Exception <a 'java/security/PrivilegedActionException'> (0x000000076bb436b0) thrown at [C:\re\workspace\8-2-build-windows-amd64-cygwin\jdk8u144\9417\hotspot\src\share\vm\prims\jvm.cpp, line 1390]
Event: 0.175 Thread 0x000000001ecc1800 Exception <a 'java/security/PrivilegedActionException'> (0x000000076bb46d40) thrown at [C:\re\workspace\8-2-build-windows-amd64-cygwin\jdk8u144\9417\hotspot\src\share\vm\prims\jvm.cpp, line 1390]
Event: 0.175 Thread 0x000000001ecc1800 Exception <a 'java/security/PrivilegedActionException'> (0x000000076bb46f50) thrown at [C:\re\workspace\8-2-build-windows-amd64-cygwin\jdk8u144\9417\hotspot\src\share\vm\prims\jvm.cpp, line 1390]
Event: 2.408 Thread 0x000000001ecc1800 Exception <a 'sun/nio/fs/WindowsException'> (0x000000076bcf8f50) thrown at [C:\re\workspace\8-2-build-windows-amd64-cygwin\jdk8u144\9417\hotspot\src\share\vm\prims\jni.cpp, line 709]
Event: 2.408 Thread 0x000000001ecc1800 Exception <a 'sun/nio/fs/WindowsException'> (0x000000076bcf9768) thrown at [C:\re\workspace\8-2-build-windows-amd64-cygwin\jdk8u144\9417\hotspot\src\share\vm\prims\jni.cpp, line 709]
Event: 2.409 Thread 0x000000001ecc1800 Exception <a 'sun/nio/fs/WindowsException'> (0x000000076bcfa810) thrown at [C:\re\workspace\8-2-build-windows-amd64-cygwin\jdk8u144\9417\hotspot\src\share\vm\prims\jni.cpp, line 709]
Event: 2.410 Thread 0x000000001ecc1800 Exception <a 'sun/nio/fs/WindowsException'> (0x000000076bcffd70) thrown at [C:\re\workspace\8-2-build-windows-amd64-cygwin\jdk8u144\9417\hotspot\src\share\vm\prims\jni.cpp, line 709]
Event: 2.497 Thread 0x000000001ecc1800 Exception <a 'sun/nio/fs/WindowsException'> (0x000000076bd117d8) thrown at [C:\re\workspace\8-2-build-windows-amd64-cygwin\jdk8u144\9417\hotspot\src\share\vm\prims\jni.cpp, line 709]
Event: 2.497 Thread 0x000000001ecc1800 Exception <a 'sun/nio/fs/WindowsException'> (0x000000076bd11dd8) thrown at [C:\re\workspace\8-2-build-windows-amd64-cygwin\jdk8u144\9417\hotspot\src\share\vm\prims\jni.cpp, line 709]

Events (10 events):
Event: 2.409 loading class java/nio/file/StandardCopyOption
Event: 2.409 loading class java/nio/file/StandardCopyOption done
Event: 2.497 loading class org/lwjgl/opengl/GL$4
Event: 2.497 loading class org/lwjgl/opengl/GL$4 done
Event: 2.498 loading class org/lwjgl/opengl/GL$1
Event: 2.498 loading class org/lwjgl/opengl/GL$1 done
Event: 2.498 loading class org/lwjgl/opengl/GL$SharedLibraryGL
Event: 2.498 loading class org/lwjgl/opengl/GL$SharedLibraryGL done
Event: 2.498 loading class org/lwjgl/system/SharedLibrary$Delegate
Event: 2.498 loading class org/lwjgl/system/SharedLibrary$Delegate done


Dynamic libraries:
0x00007ff6c3c40000 - 0x00007ff6c3c77000 	C:\Program Files\Java\jre\bin\javaw.exe
0x00007ffa95ff0000 - 0x00007ffa961d1000 	C:\WINDOWS\SYSTEM32\ntdll.dll
0x00007ffa93480000 - 0x00007ffa93532000 	C:\WINDOWS\System32\KERNEL32.DLL
0x00007ffa92d80000 - 0x00007ffa92ff3000 	C:\WINDOWS\System32\KERNELBASE.dll
0x00007ffa947d0000 - 0x00007ffa94871000 	C:\WINDOWS\System32\ADVAPI32.dll
0x00007ffa936b0000 - 0x00007ffa9374e000 	C:\WINDOWS\System32\msvcrt.dll
0x00007ffa93750000 - 0x00007ffa937ab000 	C:\WINDOWS\System32\sechost.dll
0x00007ffa941e0000 - 0x00007ffa94304000 	C:\WINDOWS\System32\RPCRT4.dll
0x00007ffa93ef0000 - 0x00007ffa94080000 	C:\WINDOWS\System32\USER32.dll
0x00007ffa92440000 - 0x00007ffa92460000 	C:\WINDOWS\System32\win32u.dll
0x00007ffa95df0000 - 0x00007ffa95e18000 	C:\WINDOWS\System32\GDI32.dll
0x00007ffa930a0000 - 0x00007ffa93232000 	C:\WINDOWS\System32\gdi32full.dll
0x00007ffa93000000 - 0x00007ffa9309f000 	C:\WINDOWS\System32\msvcp_win.dll
0x00007ffa92c20000 - 0x00007ffa92d1a000 	C:\WINDOWS\System32\ucrtbase.dll
0x00007ffa85290000 - 0x00007ffa854f9000 	C:\WINDOWS\WinSxS\amd64_microsoft.windows.common-controls_6595b64144ccf1df_6.0.17134.112_none_fb3f961b30681c12\COMCTL32.dll
0x00007ffa937b0000 - 0x00007ffa93ad3000 	C:\WINDOWS\System32\combase.dll
0x00007ffa923c0000 - 0x00007ffa9243a000 	C:\WINDOWS\System32\bcryptPrimitives.dll
0x00007ffa93af0000 - 0x00007ffa93b1d000 	C:\WINDOWS\System32\IMM32.DLL
0x0000000073000000 - 0x00000000730d2000 	C:\Program Files\Java\jre\bin\msvcr100.dll
0x00000000732b0000 - 0x0000000073b4d000 	C:\Program Files\Java\jre\bin\server\jvm.dll
0x00007ffa93e80000 - 0x00007ffa93e88000 	C:\WINDOWS\System32\PSAPI.DLL
0x00007ffa7e430000 - 0x00007ffa7e439000 	C:\WINDOWS\SYSTEM32\WSOCK32.dll
0x00007ffa8b610000 - 0x00007ffa8b61a000 	C:\WINDOWS\SYSTEM32\VERSION.dll
0x00007ffa8eb50000 - 0x00007ffa8eb73000 	C:\WINDOWS\SYSTEM32\WINMM.dll
0x00007ffa94310000 - 0x00007ffa9437c000 	C:\WINDOWS\System32\WS2_32.dll
0x00007ffa8eb20000 - 0x00007ffa8eb4a000 	C:\WINDOWS\SYSTEM32\winmmbase.dll
0x00007ffa93240000 - 0x00007ffa93289000 	C:\WINDOWS\System32\cfgmgr32.dll
0x00000000731c0000 - 0x00000000731cf000 	C:\Program Files\Java\jre\bin\verify.dll
0x0000000073190000 - 0x00000000731b9000 	C:\Program Files\Java\jre\bin\java.dll
0x0000000073170000 - 0x0000000073186000 	C:\Program Files\Java\jre\bin\zip.dll
0x00007ffa94950000 - 0x00007ffa95d90000 	C:\WINDOWS\System32\SHELL32.dll
0x00007ffa93bf0000 - 0x00007ffa93c99000 	C:\WINDOWS\System32\shcore.dll
0x00007ffa92460000 - 0x00007ffa92b6d000 	C:\WINDOWS\System32\windows.storage.dll
0x00007ffa93e90000 - 0x00007ffa93ee1000 	C:\WINDOWS\System32\shlwapi.dll
0x00007ffa92310000 - 0x00007ffa92321000 	C:\WINDOWS\System32\kernel.appcore.dll
0x00007ffa923a0000 - 0x00007ffa923bf000 	C:\WINDOWS\System32\profapi.dll
0x00007ffa92330000 - 0x00007ffa9237c000 	C:\WINDOWS\System32\powrprof.dll
0x00007ffa92300000 - 0x00007ffa9230a000 	C:\WINDOWS\System32\FLTLIB.DLL
0x0000000073150000 - 0x000000007316a000 	C:\Program Files\Java\jre\bin\net.dll
0x00007ffa91b80000 - 0x00007ffa91be6000 	C:\WINDOWS\system32\mswsock.dll
0x0000000073130000 - 0x0000000073141000 	C:\Program Files\Java\jre\bin\nio.dll
0x00007ffa75e70000 - 0x00007ffa75ecb000 	C:\Users\pixel\AppData\Local\Temp\lwjglZamora\3.1.6-build-14\lwjgl.dll
0x00007ffa74bc0000 - 0x00007ffa74c11000 	C:\Users\pixel\AppData\Local\Temp\lwjglZamora\3.1.6-build-14\glfw.dll
0x00007ffa90390000 - 0x00007ffa90428000 	C:\WINDOWS\system32\uxtheme.dll
0x00007ffa725c0000 - 0x00007ffa72603000 	C:\WINDOWS\SYSTEM32\dinput8.dll
0x00007ffa8eba0000 - 0x00007ffa8ebb0000 	C:\WINDOWS\SYSTEM32\xinput1_4.dll
0x00007ffa92110000 - 0x00007ffa92137000 	C:\WINDOWS\SYSTEM32\DEVOBJ.dll
0x00007ffa76630000 - 0x00007ffa766a9000 	C:\WINDOWS\SYSTEM32\inputhost.dll
0x00007ffa8e370000 - 0x00007ffa8e4bd000 	C:\WINDOWS\SYSTEM32\wintypes.dll
0x00007ffa8fe40000 - 0x00007ffa8ff1a000 	C:\WINDOWS\SYSTEM32\CoreMessaging.dll
0x00007ffa8c7c0000 - 0x00007ffa8cade000 	C:\WINDOWS\SYSTEM32\CoreUIComponents.dll
0x00007ffa913f0000 - 0x00007ffa91421000 	C:\WINDOWS\SYSTEM32\ntmarta.dll
0x00007ffa90570000 - 0x00007ffa90599000 	C:\WINDOWS\SYSTEM32\dwmapi.dll
0x00007ffa93ca0000 - 0x00007ffa93e15000 	C:\WINDOWS\System32\MSCTF.dll
0x00007ffa93b20000 - 0x00007ffa93be2000 	C:\WINDOWS\System32\OLEAUT32.dll
0x00007ffa90e30000 - 0x00007ffa90e3c000 	C:\WINDOWS\SYSTEM32\HID.DLL
0x00007ffa94380000 - 0x00007ffa947cb000 	C:\WINDOWS\System32\SETUPAPI.DLL
0x00007ffa92d20000 - 0x00007ffa92d77000 	C:\WINDOWS\System32\WINTRUST.dll
0x00007ffa92380000 - 0x00007ffa92392000 	C:\WINDOWS\System32\MSASN1.dll
0x00007ffa93290000 - 0x00007ffa93472000 	C:\WINDOWS\System32\CRYPT32.dll
0x00007ffa70e80000 - 0x00007ffa70fa0000 	C:\WINDOWS\SYSTEM32\opengl32.dll
0x00007ffa72820000 - 0x00007ffa7284c000 	C:\WINDOWS\SYSTEM32\GLU32.dll
0x0000000070e00000 - 0x0000000072ffa000 	C:\WINDOWS\SYSTEM32\nvoglv64.DLL
0x00007ffa8e630000 - 0x00007ffa8e643000 	C:\WINDOWS\SYSTEM32\WTSAPI32.dll
0x00007ffa77ad0000 - 0x00007ffa77ca7000 	C:\WINDOWS\system32\nvspcap64.dll
0x00007ffa94080000 - 0x00007ffa941d1000 	C:\WINDOWS\System32\ole32.dll
0x00007ffa89990000 - 0x00007ffa89a6d000 	C:\WINDOWS\SYSTEM32\WINHTTP.dll
0x00007ffa85fb0000 - 0x00007ffa863d1000 	C:\WINDOWS\system32\nvapi64.dll
0x00007ffa910c0000 - 0x00007ffa9117b000 	C:\WINDOWS\SYSTEM32\dxgi.dll
0x00007ffa94880000 - 0x00007ffa94920000 	C:\WINDOWS\System32\clbcatq.dll
0x00007ffa92160000 - 0x00007ffa921fa000 	C:\WINDOWS\SYSTEM32\sxs.dll
0x00007ffa91490000 - 0x00007ffa914e6000 	C:\WINDOWS\SYSTEM32\WINSTA.dll
0x00007ffa8f070000 - 0x00007ffa8f37b000 	C:\WINDOWS\system32\d3d11.dll
0x00007ffa4e9a0000 - 0x00007ffa4ea7f000 	C:\WINDOWS\System32\DriverStore\FileRepository\nvgbwu.inf_amd64_104110c8fd13dde5\nvldumdx.dll
0x00007ffa94920000 - 0x00007ffa9493d000 	C:\WINDOWS\System32\imagehlp.dll
0x00007ffa91d30000 - 0x00007ffa91d47000 	C:\WINDOWS\SYSTEM32\CRYPTSP.dll
0x00007ffa91760000 - 0x00007ffa91793000 	C:\WINDOWS\system32\rsaenh.dll
0x00007ffa91e60000 - 0x00007ffa91e85000 	C:\WINDOWS\SYSTEM32\bcrypt.dll
0x00007ffa91d50000 - 0x00007ffa91d5b000 	C:\WINDOWS\SYSTEM32\CRYPTBASE.dll
0x00007ffa4b6b0000 - 0x00007ffa4ce93000 	C:\WINDOWS\System32\DriverStore\FileRepository\nvgbwu.inf_amd64_104110c8fd13dde5\nvwgf2umx.dll
0x00007ffa766b0000 - 0x00007ffa76748000 	C:\WINDOWS\System32\TextInputFramework.dll
0x00007ffa714e0000 - 0x00007ffa7153f000 	C:\Users\pixel\AppData\Local\Temp\lwjglZamora\3.1.6-build-14\lwjgl_opengl.dll
0x00007ffa90e40000 - 0x00007ffa91009000 	C:\WINDOWS\SYSTEM32\dbghelp.dll

VM Arguments:
jvm_args: -Dfile.encoding=Cp1252 
java_command: Game
java_class_path (initial): C:\Program Files\Java\jre\lib\resources.jar;C:\Program Files\Java\jre\lib\rt.jar;C:\Program Files\Java\jre\lib\jsse.jar;C:\Program Files\Java\jre\lib\jce.jar;C:\Program Files\Java\jre\lib\charsets.jar;C:\Program Files\Java\jre\lib\jfr.jar;C:\Program Files\Java\jre\lib\ext\access-bridge-64.jar;C:\Program Files\Java\jre\lib\ext\cldrdata.jar;C:\Program Files\Java\jre\lib\ext\dnsns.jar;C:\Program Files\Java\jre\lib\ext\jaccess.jar;C:\Program Files\Java\jre\lib\ext\jfxrt.jar;C:\Program Files\Java\jre\lib\ext\localedata.jar;C:\Program Files\Java\jre\lib\ext\nashorn.jar;C:\Program Files\Java\jre\lib\ext\sunec.jar;C:\Program Files\Java\jre\lib\ext\sunjce_provider.jar;C:\Program Files\Java\jre\lib\ext\sunmscapi.jar;C:\Program Files\Java\jre\lib\ext\sunpkcs11.jar;C:\Program Files\Java\jre\lib\ext\zipfs.jar;C:\Program Files\Java\lwjgl-release-3.1.6-custom\lwjgl.jar;C:\Program Files\Java\lwjgl-release-3.1.6-custom\lwjgl-assimp.jar;C:\Program Files\Java\lwjgl-release-3.1.6-custom\lwjgl-assimp-natives-windows.jar;C:\Program Files\Java\lwjgl-release-3.1.6-custom\lwjgl-glfw.jar;C:\Program Files\Java\lwjgl-release-3.1.6-custom\lwjgl-glfw-natives-windows.jar;C:\Program Files\Java\lwjgl-release-3.1.6-custom\lwjgl-natives-windows.jar;C:\Program Files\Java\lwjgl-release-3.1.6-custom\lwjgl-openal.jar;C:\Program Files\Java\lwjgl-release-3.1.6-custom\lwjgl-openal-natives-windows.jar;C:\Program Files\Java\lwjgl-release-3.1.6-custom\lwjgl-opengl.jar;C:\Program Files\Java\lwjgl-release-3.1.6-custom\lwjgl-opengl-natives-windows.jar;C:\Program Files\Java\lwjgl-release-3.1.6-custom\lwjgl-stb.jar;C:\Program Files\Java\lwjgl-release-3.1.6-custom\lwjgl-stb-natives-windows.jar;C:\Users\pixel\git\ProjectAlpha\AlphaQuest\bin;C:\Users\pixel\git\ProjectAlpha\AlphaQuest\assets
Launcher Type: SUN_STANDARD

Environment Variables:
PATH=C:/Program Files/Java/jre/bin/server;C:/Program Files/Java/jre/bin;C:/Program Files/Java/jre/lib/amd64;C:\Program Files\Java\jre\bin;C:\Program Files\Java\jdk\bin;C:\ProgramData\Oracle\Java\javapath;C:\Program Files (x86)\Intel\iCLS Client\;C:\Program Files\Intel\iCLS Client\;C:\Windows\system32;C:\Windows;C:\Windows\System32\Wbem;C:\Windows\System32\WindowsPowerShell\v1.0\;C:\Program Files (x86)\Intel\Intel(R) Management Engine Components\DAL;C:\Program Files\Intel\Intel(R) Management Engine Components\DAL;C:\Program Files (x86)\Intel\Intel(R) Management Engine Components\IPT;C:\Program Files\Intel\Intel(R) Management Engine Components\IPT;C:\Program Files (x86)\NVIDIA Corporation\PhysX\Common;C:\Program Files (x86)\Skype\Phone\;C:\WINDOWS\system32;C:\WINDOWS;C:\WINDOWS\System32\Wbem;C:\WINDOWS\System32\WindowsPowerShell\v1.0\;C:\Program Files\Intel\WiFi\bin\;C:\Program Files\Common Files\Intel\WirelessCommon\;C:\Program Files\Git\cmd;C:\WINDOWS\System32\OpenSSH\;C:\Users\pixel\AppData\Local\Microsoft\WindowsApps;C:\Program Files\Microsoft VS Code\bin;C:\Users\pixel\AppData\Local\GitHubDesktop\bin;%USERPROFILE%\AppData\Local\Microsoft\WindowsApps;;C:\Users\pixel\eclipse\java-oxygen\eclipse;
USERNAME=Zamora
OS=Windows_NT
PROCESSOR_IDENTIFIER=Intel64 Family 6 Model 158 Stepping 9, GenuineIntel



---------------  S Y S T E M  ---------------

OS: Windows 10.0 , 64 bit Build 17134 (10.0.17134.1)

CPU:total 8 (initial active 8) (4 cores per cpu, 2 threads per core) family 6 model 158 stepping 9, cmov, cx8, fxsr, mmx, sse, sse2, sse3, ssse3, sse4.1, sse4.2, popcnt, avx, avx2, aes, clmul, erms, 3dnowpref, lzcnt, ht, tsc, tscinvbit, bmi1, bmi2, adx

Memory: 4k page, physical 16653524k(6193644k free), swap 25042132k(4238532k free)

vm_info: Java HotSpot(TM) 64-Bit Server VM (25.144-b01) for windows-amd64 JRE (1.8.0_144-b01), built on Jul 21 2017 21:57:33 by "java_re" with MS VC++ 10.0 (VS2010)

time: Wed Jul 04 12:31:05 2018
elapsed time: 2 seconds (0d 0h 0m 2s)

